[debug] [2020-10-07T22:02:11.156Z] ----------------------------------------------------------------------
[debug] [2020-10-07T22:02:11.158Z] Command:       C:\Program Files\nodejs\node.exe C:\Users\siva\AppData\Roaming\npm\node_modules\firebase-tools\lib\bin\firebase.js init
[debug] [2020-10-07T22:02:11.158Z] CLI Version:   8.12.0
[debug] [2020-10-07T22:02:11.158Z] Platform:      win32
[debug] [2020-10-07T22:02:11.159Z] Node Version:  v12.18.3
[debug] [2020-10-07T22:02:11.160Z] Time:          Thu Oct 08 2020 00:02:11 GMT+0200 (Central European Summer Time)
[debug] [2020-10-07T22:02:11.160Z] ----------------------------------------------------------------------
[debug] [2020-10-07T22:02:11.160Z] 
[debug] [2020-10-07T22:02:11.165Z] > command requires scopes: ["email","openid","https://www.googleapis.com/auth/cloudplatformprojects.readonly","https://www.googleapis.com/auth/firebase","https://www.googleapis.com/auth/cloud-platform"]
[debug] [2020-10-07T22:02:11.165Z] > authorizing via signed-in user
[info] 
     ######## #### ########  ######## ########     ###     ######  ########
     ##        ##  ##     ## ##       ##     ##  ##   ##  ##       ##
     ######    ##  ########  ######   ########  #########  ######  ######
     ##        ##  ##    ##  ##       ##     ## ##     ##       ## ##
     ##       #### ##     ## ######## ########  ##     ##  ######  ########

You're about to initialize a Firebase project in this directory:

  D:\coding\todo_app

Before we get started, keep in mind:

  * You are initializing in an existing Firebase project directory

